\BOOKMARK [0][]{CAPA.0}{\376\377\000C\000O\000V\000E\000R}{}% 1
\BOOKMARK [0][]{VERSO.0}{\376\377\000V\000E\000R\000S\000U\000S}{}% 2
\BOOKMARK [0][]{FOLHA DE ROSTO.0}{\376\377\000T\000I\000T\000L\000E\000\040\000P\000A\000G\000E}{}% 3
\BOOKMARK [0][]{nomefichac.0}{\376\377\000I\000N\000D\000E\000X\000\040\000C\000A\000R\000D}{}% 4
\BOOKMARK [0][]{aprovacao.0}{\376\377\000A\000P\000P\000R\000O\000V\000A\000L\000\040\000T\000E\000R\000M}{}% 5
\BOOKMARK [0][]{nomethank.0}{\376\377\000A\000C\000K\000N\000O\000W\000L\000E\000D\000G\000E\000M\000E\000N\000T\000S}{}% 6
\BOOKMARK [0][]{nomeresumo.0}{\376\377\000A\000B\000S\000T\000R\000A\000C\000T}{}% 7
\BOOKMARK [0][]{nomeabstract.0}{\376\377\000R\000E\000S\000U\000M\000O}{}% 8
\BOOKMARK [0][]{listfigurename.0}{\376\377\000L\000I\000S\000T\000\040\000O\000F\000\040\000F\000I\000G\000U\000R\000E\000S}{}% 9
\BOOKMARK [0][]{listtablename.0}{\376\377\000L\000I\000S\000T\000\040\000O\000F\000\040\000T\000A\000B\000L\000E\000S}{}% 10
\BOOKMARK [0][]{nomeabreviaturasesiglas.0}{\376\377\000L\000I\000S\000T\000\040\000O\000F\000\040\000A\000B\000B\000R\000E\000V\000I\000A\000T\000I\000O\000N\000S}{}% 11
\BOOKMARK [0][]{listsimbname.0}{\376\377\000L\000I\000S\000T\000\040\000O\000F\000\040\000S\000Y\000M\000B\000O\000L\000S}{}% 12
\BOOKMARK [0][]{contentsname.0}{\376\377\000C\000O\000N\000T\000E\000N\000T\000S}{}% 13
\BOOKMARK [0][]{chapter.1}{\376\377\0001\000\040\000I\000N\000T\000R\000O\000D\000U\000C\000T\000I\000O\000N}{}% 14
\BOOKMARK [1][]{section.1.1}{\376\377\0001\000.\0001\000\040\000G\000e\000n\000e\000r\000a\000l\000\040\000o\000b\000j\000e\000c\000t\000i\000v\000e}{chapter.1}% 15
\BOOKMARK [1][]{section.1.2}{\376\377\0001\000.\0002\000\040\000S\000p\000e\000c\000i\000f\000i\000c\000\040\000o\000b\000j\000e\000c\000t\000i\000v\000e\000s}{chapter.1}% 16
\BOOKMARK [1][]{section.1.3}{\376\377\0001\000.\0003\000\040\000S\000c\000i\000e\000n\000t\000i\000f\000i\000c\000\040\000q\000u\000e\000s\000t\000i\000o\000n\000s}{chapter.1}% 17
\BOOKMARK [1][]{section.1.4}{\376\377\0001\000.\0004\000\040\000T\000h\000e\000s\000i\000s\000\040\000o\000r\000g\000a\000n\000i\000z\000a\000t\000i\000o\000n}{chapter.1}% 18
\BOOKMARK [0][]{chapter.2}{\376\377\0002\000\040\000L\000I\000T\000E\000R\000A\000T\000U\000R\000E\000\040\000R\000E\000V\000I\000E\000W}{}% 19
\BOOKMARK [1][]{section.2.1}{\376\377\0002\000.\0001\000\040\000O\000v\000e\000r\000v\000i\000e\000w\000\040\000o\000f\000\040\000c\000o\000n\000v\000e\000c\000t\000i\000v\000e\000\040\000c\000l\000o\000u\000d\000\040\000d\000y\000n\000a\000m\000i\000c\000s}{chapter.2}% 20
\BOOKMARK [1][]{section.2.2}{\376\377\0002\000.\0002\000\040\000C\000o\000l\000d\000\040\000p\000o\000o\000l\000s}{chapter.2}% 21
\BOOKMARK [1][]{section.2.3}{\376\377\0002\000.\0003\000\040\000T\000h\000e\000\040\000m\000a\000s\000s\000-\000f\000l\000u\000x\000\040\000a\000p\000p\000r\000o\000a\000c\000h}{chapter.2}% 22
\BOOKMARK [1][]{section.2.4}{\376\377\0002\000.\0004\000\040\000T\000h\000e\000\040\000c\000o\000l\000d\000\040\000p\000o\000o\000l\000\040\000p\000a\000r\000a\000m\000e\000t\000e\000r\000i\000z\000a\000t\000i\000o\000n}{chapter.2}% 23
\BOOKMARK [1][]{section.2.5}{\376\377\0002\000.\0005\000\040\000H\000u\000r\000r\000i\000c\000a\000n\000e\000s\000\040\000-\000\040\000a\000\040\000m\000o\000d\000e\000l\000\040\000f\000o\000r\000e\000c\000a\000s\000t\000\040\000v\000i\000e\000w}{chapter.2}% 24
\BOOKMARK [1][]{section.2.6}{\376\377\0002\000.\0006\000\040\000K\000e\000y\000\040\000p\000o\000i\000n\000t\000s\000\040\000r\000e\000c\000a\000l\000l}{chapter.2}% 25
\BOOKMARK [0][]{chapter.3}{\376\377\0003\000\040\000D\000A\000T\000A\000\040\000A\000N\000D\000\040\000M\000O\000D\000E\000L}{}% 26
\BOOKMARK [1][]{section.3.1}{\376\377\0003\000.\0001\000\040\000D\000a\000t\000a}{chapter.3}% 27
\BOOKMARK [2][]{subsection.3.1.1}{\376\377\0003\000.\0001\000.\0001\000\040\000I\000B\000T\000r\000A\000C\000S}{section.3.1}% 28
\BOOKMARK [2][]{subsection.3.1.2}{\376\377\0003\000.\0001\000.\0002\000\040\000E\000R\000A\0005}{section.3.1}% 29
\BOOKMARK [2][]{subsection.3.1.3}{\376\377\0003\000.\0001\000.\0003\000\040\000G\000P\000M\000-\000I\000M\000E\000R\000G}{section.3.1}% 30
\BOOKMARK [2][]{subsection.3.1.4}{\376\377\0003\000.\0001\000.\0004\000\040\000G\000P\000M\000-\000M\000E\000R\000G\000I\000R}{section.3.1}% 31
\BOOKMARK [2][]{subsection.3.1.5}{\376\377\0003\000.\0001\000.\0005\000\040\000G\000S\000M\000a\000P}{section.3.1}% 32
\BOOKMARK [1][]{section.3.2}{\376\377\0003\000.\0002\000\040\000N\000u\000m\000e\000r\000i\000c\000a\000l\000\040\000m\000o\000d\000e\000l\000:\000\040\000M\000O\000N\000A\000N}{chapter.3}% 33
\BOOKMARK [2][]{subsection.3.2.1}{\376\377\0003\000.\0002\000.\0001\000\040\000I\000n\000i\000t\000i\000a\000l\000\040\000c\000o\000n\000d\000i\000t\000i\000o\000n\000\040\000g\000e\000n\000e\000r\000a\000t\000i\000o\000n}{section.3.2}% 34
\BOOKMARK [2][]{subsection.3.2.2}{\376\377\0003\000.\0002\000.\0002\000\040\000P\000o\000s\000t\000-\000p\000r\000o\000c\000e\000s\000s\000i\000n\000g}{section.3.2}% 35
\BOOKMARK [0][]{chapter.4}{\376\377\0004\000\040\000M\000E\000T\000H\000O\000D\000O\000L\000O\000G\000Y\000:\000\040\000M\000E\000T\000R\000I\000C\000S\000\040\000A\000N\000D\000\040\000D\000I\000A\000G\000N\000O\000S\000T\000I\000C\000\040\000F\000I\000E\000L\000D\000S}{}% 36
\BOOKMARK [1][]{section.4.1}{\376\377\0004\000.\0001\000\040\000T\000r\000a\000j\000e\000c\000t\000o\000r\000y}{chapter.4}% 37
\BOOKMARK [1][]{section.4.2}{\376\377\0004\000.\0002\000\040\000I\000n\000t\000e\000n\000s\000i\000t\000y}{chapter.4}% 38
\BOOKMARK [1][]{section.4.3}{\376\377\0004\000.\0003\000\040\000R\000a\000i\000n\000f\000a\000l\000l}{chapter.4}% 39
\BOOKMARK [1][]{section.4.4}{\376\377\0004\000.\0004\000\040\000H\000u\000r\000r\000i\000c\000a\000n\000e\000\040\000B\000e\000r\000y\000l\000\040\000w\000o\000r\000k\000f\000l\000o\000w}{chapter.4}% 40
\BOOKMARK [1][]{section.4.5}{\376\377\0004\000.\0005\000\040\000H\000u\000r\000r\000i\000c\000a\000n\000e\000\040\000H\000e\000l\000e\000n\000e\000\040\000w\000o\000r\000k\000f\000l\000o\000w}{chapter.4}% 41
\BOOKMARK [0][]{chapter.5}{\376\377\0005\000\040\000C\000A\000S\000E\000\040\000S\000T\000U\000D\000Y\000:\000\040\000H\000U\000R\000R\000I\000C\000A\000N\000E\000\040\000B\000E\000R\000Y\000L}{}% 42
\BOOKMARK [1][]{section.5.1}{\376\377\0005\000.\0001\000\040\000E\000v\000e\000n\000t\000\040\000d\000e\000s\000c\000r\000i\000p\000t\000i\000o\000n\000\040\000-\000\040\000h\000u\000r\000r\000i\000c\000a\000n\000e\000\040\000B\000e\000r\000y\000l}{chapter.5}% 43
\BOOKMARK [1][]{section.5.2}{\376\377\0005\000.\0002\000\040\000R\000e\000s\000u\000l\000t\000s\000\040\000a\000n\000d\000\040\000a\000n\000a\000l\000y\000s\000i\000s\000\040\000o\000f\000\040\000h\000u\000r\000r\000i\000c\000a\000n\000e\000\040\000B\000e\000r\000y\000l}{chapter.5}% 44
\BOOKMARK [2][]{subsection.5.2.1}{\376\377\0005\000.\0002\000.\0001\000\040\000T\000r\000a\000j\000e\000c\000t\000o\000r\000y}{section.5.2}% 45
\BOOKMARK [2][]{subsection.5.2.2}{\376\377\0005\000.\0002\000.\0002\000\040\000I\000n\000t\000e\000n\000s\000i\000t\000y}{section.5.2}% 46
\BOOKMARK [2][]{subsection.5.2.3}{\376\377\0005\000.\0002\000.\0003\000\040\000R\000a\000i\000n\000f\000a\000l\000l}{section.5.2}% 47
\BOOKMARK [3][]{subsubsection.5.2.3.1}{\376\377\0005\000.\0002\000.\0003\000.\0001\000\040\000P\000a\000t\000t\000e\000r\000n\000\040\000a\000n\000d\000\040\000s\000p\000a\000t\000i\000a\000l\000\040\000r\000a\000i\000n\000f\000a\000l\000l\000\040\000d\000i\000s\000t\000r\000i\000b\000u\000t\000i\000o\000n}{subsection.5.2.3}% 48
\BOOKMARK [3][]{subsubsection.5.2.3.2}{\376\377\0005\000.\0002\000.\0003\000.\0002\000\040\000R\000a\000i\000n\000f\000a\000l\000l\000\040\000m\000e\000a\000n\000\040\000a\000n\000d\000\040\000o\000v\000e\000r\000a\000l\000l\000\040\000d\000i\000s\000t\000r\000i\000b\000u\000t\000i\000o\000n}{subsection.5.2.3}% 49
\BOOKMARK [3][]{subsubsection.5.2.3.3}{\376\377\0005\000.\0002\000.\0003\000.\0003\000\040\000R\000a\000i\000n\000f\000a\000l\000l\000\040\000e\000x\000t\000r\000e\000m\000e\000s}{subsection.5.2.3}% 50
\BOOKMARK [3][]{subsubsection.5.2.3.4}{\376\377\0005\000.\0002\000.\0003\000.\0004\000\040\000M\000O\000N\000A\000N\000\040\000p\000e\000r\000f\000o\000r\000m\000a\000n\000c\000e\000\040\000a\000t\000\040\000f\000o\000r\000e\000c\000a\000s\000t\000i\000n\000g\000\040\000r\000a\000i\000n\000f\000a\000l\000l}{subsection.5.2.3}% 51
\BOOKMARK [2][]{subsection.5.2.4}{\376\377\0005\000.\0002\000.\0004\000\040\000D\000i\000s\000c\000u\000s\000s\000i\000o\000n\000\040\000o\000f\000\040\000k\000e\000y\000\040\000o\000u\000t\000c\000o\000m\000e\000s}{section.5.2}% 52
\BOOKMARK [0][]{chapter.6}{\376\377\0006\000\040\000C\000A\000S\000E\000\040\000S\000T\000U\000D\000Y\000:\000\040\000H\000U\000R\000R\000I\000C\000A\000N\000E\000\040\000H\000E\000L\000E\000N\000E\000\040\040\023\000\040\000T\000E\000S\000T\000I\000N\000G\000\040\000T\000H\000E\000\040\000I\000M\000P\000R\000O\000V\000E\000D\000\040\000P\000A\000R\000A\000M\000E\000T\000R\000I\000Z\000A\000T\000I\000O\000N}{}% 53
\BOOKMARK [1][]{section.6.1}{\376\377\0006\000.\0001\000\040\000E\000v\000e\000n\000t\000\040\000d\000e\000s\000c\000r\000i\000p\000t\000i\000o\000n\000\040\000-\000\040\000H\000e\000l\000e\000n\000e}{chapter.6}% 54
\BOOKMARK [1][]{section.6.2}{\376\377\0006\000.\0002\000\040\000R\000e\000s\000u\000l\000t\000s\000\040\000a\000n\000d\000\040\000a\000n\000a\000l\000y\000s\000i\000s\000\040\000o\000f\000\040\000h\000u\000r\000r\000i\000c\000a\000n\000e\000\040\000H\000e\000l\000e\000n\000e}{chapter.6}% 55
\BOOKMARK [2][]{subsection.6.2.1}{\376\377\0006\000.\0002\000.\0001\000\040\000T\000r\000a\000j\000e\000c\000t\000o\000r\000y}{section.6.2}% 56
\BOOKMARK [2][]{subsection.6.2.2}{\376\377\0006\000.\0002\000.\0002\000\040\000I\000n\000t\000e\000n\000s\000i\000t\000y}{section.6.2}% 57
\BOOKMARK [2][]{subsection.6.2.3}{\376\377\0006\000.\0002\000.\0003\000\040\000R\000a\000i\000n\000f\000a\000l\000l}{section.6.2}% 58
\BOOKMARK [3][]{subsubsection.6.2.3.1}{\376\377\0006\000.\0002\000.\0003\000.\0001\000\040\000P\000a\000t\000t\000e\000r\000n\000\040\000a\000n\000d\000\040\000s\000p\000a\000t\000i\000a\000l\000\040\000r\000a\000i\000n\000f\000a\000l\000l\000\040\000d\000i\000s\000t\000r\000i\000b\000u\000t\000i\000o\000n}{subsection.6.2.3}% 59
\BOOKMARK [3][]{subsubsection.6.2.3.2}{\376\377\0006\000.\0002\000.\0003\000.\0002\000\040\000R\000a\000i\000n\000f\000a\000l\000l\000\040\000m\000e\000a\000n\000\040\000a\000n\000d\000\040\000o\000v\000e\000r\000a\000l\000l\000\040\000d\000i\000s\000t\000r\000i\000b\000u\000t\000i\000o\000n}{subsection.6.2.3}% 60
\BOOKMARK [3][]{subsubsection.6.2.3.3}{\376\377\0006\000.\0002\000.\0003\000.\0003\000\040\000M\000O\000N\000A\000N\000\040\000p\000e\000r\000f\000o\000r\000m\000a\000n\000c\000e\000\040\000a\000t\000\040\000f\000o\000r\000e\000c\000a\000s\000t\000i\000n\000g\000\040\000r\000a\000i\000n\000f\000a\000l\000l}{subsection.6.2.3}% 61
\BOOKMARK [1][]{section.6.3}{\376\377\0006\000.\0003\000\040\000D\000i\000s\000c\000u\000s\000s\000i\000o\000n\000\040\000o\000f\000\040\000k\000e\000y\000\040\000o\000u\000t\000c\000o\000m\000e\000s}{chapter.6}% 62
\BOOKMARK [0][]{chapter.7}{\376\377\0007\000\040\000C\000O\000N\000C\000L\000U\000S\000I\000O\000N\000S\000\040\000A\000N\000D\000\040\000F\000U\000T\000U\000R\000E\000\040\000W\000O\000R\000K}{}% 63
\BOOKMARK [1][]{section.7.1}{\376\377\0007\000.\0001\000\040\000F\000u\000t\000u\000r\000e\000\040\000W\000o\000r\000k}{chapter.7}% 64
\BOOKMARK [0][]{chapter.8}{\376\377\000A\000\040\000A\000P\000P\000E\000N\000D\000I\000X\000\040\000-\000\040\000T\000H\000E\000\040\000M\000A\000S\000S\000\040\000F\000L\000U\000X\000\040\000D\000E\000D\000U\000C\000T\000I\000O\000N}{}% 65
\BOOKMARK [0][]{chapter.9}{\376\377\000A\000\040\000A\000P\000P\000E\000N\000D\000I\000X\000\040\000B\000\040\000-\000\040\000T\000H\000E\000\040\000T\000R\000A\000C\000K\000I\000N\000G\000\040\000A\000L\000G\000O\000R\000I\000T\000H\000M}{}% 66
\BOOKMARK [0][]{chapter.10}{\376\377\000R\000E\000F\000E\000R\000E\000N\000C\000E\000S}{}% 67
